[33mWARN[39m: GET /styles.css not found path
[33mWARN[39m: GET /sessions/scripts/signout.js not found path
[33mWARN[39m: GET /favicon.ico not found path
[33mWARN[39m: GET /sessions/65665 not found path
[33mWARN[39m: GET /favicon.ico not found path
[33mWARN[39m: GET /favicon.ico not found path
[33mWARN[39m: GET /styles.css not found path
[33mWARN[39m: GET /f123s not found path
[33mWARN[39m: GET /favicon.ico not found path
[33mWARN[39m: GET /favicon.ico not found path
[33mWARN[39m: GET /favicon.ico not found path
[33mWARN[39m: GET /f123s not found path
[33mWARN[39m: GET /styles.css not found path
[33mWARN[39m: GET /favicon.ico not found path
[33mWARN[39m: GET /f123s not found path
[33mWARN[39m: GET /styles.css not found path
[33mWARN[39m: GET /favicon.ico not found path
[33mWARN[39m: GET /styles.css not found path
[33mWARN[39m: GET /favicon.ico not found path
[33mWARN[39m: GET /favicon.ico not found path
[33mWARN[39m: GET /favicon.ico not found path
[33mWARN[39m: GET /styles.css not found path
[33mWARN[39m: GET /f123s not found path
[33mWARN[39m: GET /favicon.ico not found path
[33mWARN[39m: GET /styles.css not found path
[33mWARN[39m: GET /f123s not found path
[33mWARN[39m: GET /favicon.ico not found path
[33mWARN[39m: GET /f123s not found path
[33mWARN[39m: GET /styles.css not found path
[33mWARN[39m: GET /favicon.ico not found path
[33mWARN[39m: GET /styles.css not found path
[33mWARN[39m: GET /f123s not found path
[33mWARN[39m: GET /favicon.ico not found path
[33mWARN[39m: GET /f123s not found path
[33mWARN[39m: GET /styles.css not found path
[33mWARN[39m: GET /favicon.ico not found path
[33mWARN[39m: GET /f123s not found path
[33mWARN[39m: GET /styles.css not found path
[33mWARN[39m: GET /favicon.ico not found path
[33mWARN[39m: GET /styles.css not found path
[33mWARN[39m: GET /f123s not found path
[33mWARN[39m: GET /favicon.ico not found path
[33mWARN[39m: GET /favicon.ico not found path
[33mWARN[39m: GET /f123s not found path
[33mWARN[39m: GET /favicon.ico not found path
[33mWARN[39m: GET /styles.css not found path
[33mWARN[39m: GET /sessions/scripts/signout.js not found path
[33mWARN[39m: GET /favicon.ico not found path
[33mWARN[39m: GET /styles.css not found path
[33mWARN[39m: GET /f123s not found path
[33mWARN[39m: GET /favicon.ico not found path
[33mWARN[39m: GET /styles.css not found path
[33mWARN[39m: GET /products/scripts/signout.js not found path
[33mWARN[39m: GET /favicon.ico not found path
[33mWARN[39m: GET /styles.css not found path
[33mWARN[39m: GET /favicon.ico not found path
[33mWARN[39m: GET /styles.css not found path
[33mWARN[39m: GET /sessions/scripts/signout.js not found path
[33mWARN[39m: GET /favicon.ico not found path
[33mWARN[39m: GET /styles.css not found path
[33mWARN[39m: GET /f123s not found path
[33mWARN[39m: GET /favicon.ico not found path
[33mWARN[39m: GET /styles.css not found path
[33mWARN[39m: GET /f123s not found path
[33mWARN[39m: GET /favicon.ico not found path
[33mWARN[39m: GET /styles.css not found path
[31mERROR[39m: Cannot read properties of undefined (reading 'length')
[33mWARN[39m: GET /favicon.ico not found path
